<?xml version="1.0" encoding="UTF-8"?>
<testng-results skipped="0" failed="0" ignored="0" total="1" passed="1">
  <reporter-output>
    <line>
      <![CDATA[accountspage is Displayed]]>
    </line>
  </reporter-output>
  <suite name="Default suite" duration-ms="17809" started-at="2022-05-01T16:51:44 IST" finished-at="2022-05-01T16:52:02 IST">
    <groups>
    </groups>
    <test name="Default test" duration-ms="17809" started-at="2022-05-01T16:51:44 IST" finished-at="2022-05-01T16:52:02 IST">
      <class name="verifyAccountsTest.verifyAccountsTest">
        <test-method status="PASS" signature="openBrowser()[pri:0, instance:verifyAccountsTest.verifyAccountsTest@47db50c5]" name="openBrowser" is-config="true" duration-ms="5868" started-at="2022-05-01T16:51:44 IST" finished-at="2022-05-01T16:51:50 IST">
          <reporter-output>
          </reporter-output>
        </test-method> <!-- openBrowser -->
        <test-method status="PASS" signature="verifyaccountstest()[pri:0, instance:verifyAccountsTest.verifyAccountsTest@47db50c5]" name="verifyaccountstest" duration-ms="11871" started-at="2022-05-01T16:51:50 IST" finished-at="2022-05-01T16:52:02 IST">
          <reporter-output>
            <line>
              <![CDATA[accountspage is Displayed]]>
            </line>
          </reporter-output>
        </test-method> <!-- verifyaccountstest -->
      </class> <!-- verifyAccountsTest.verifyAccountsTest -->
    </test> <!-- Default test -->
  </suite> <!-- Default suite -->
</testng-results>
